[15:13:53] [main/INFO]: Setting user: Player710
[15:13:54] [Client thread/INFO]: LWJGL Version: 2.9.1
[15:14:04] [Client thread/INFO]: Reloading ResourceManager: Default, FMLFileResourcePack:Forge Mod Loader, FMLFileResourcePack:Minecraft Forge, FMLFileResourcePack:InputMethodBlocker
[15:14:05] [Sound Library Loader/INFO]: Sound engine started
[15:14:08] [Client thread/INFO]: Created: 16x16 textures/blocks-atlas
[15:14:08] [Client thread/INFO]: Created: 16x16 textures/items-atlas
[15:14:08] [Client thread/INFO]: Reloading ResourceManager: Default, FMLFileResourcePack:Forge Mod Loader, FMLFileResourcePack:Minecraft Forge, FMLFileResourcePack:InputMethodBlocker
[15:14:08] [Client thread/INFO]: Created: 512x256 textures/blocks-atlas
[15:14:08] [Client thread/INFO]: Created: 256x256 textures/items-atlas
[15:14:09] [Sound Library Loader/INFO]: Sound engine started
[15:14:14] [Server thread/INFO]: Starting integrated minecraft server version 1.7.10
[15:14:14] [Server thread/INFO]: Generating keypair
[15:14:14] [Server thread/INFO]: Preparing start region for level 0
[15:14:15] [Server thread/INFO]: Changing view distance to 12, from 10
[15:14:16] [Server thread/INFO]: Player710[local:E:6069f3d1] logged in with entity id 649 at (238.36049351007142, 71.20000004768372, 253.69999998807907)
[15:14:16] [Server thread/INFO]: Player710 joined the game
[15:14:20] [Server thread/WARN]: Can't keep up! Did the system time change, or is the server overloaded? Running 2040ms behind, skipping 40 tick(s)
[15:14:21] [Server thread/INFO]: Player710 has just earned the achievement [Taking Inventory]
[15:14:21] [Client thread/INFO]: [CHAT] Player710 has just earned the achievement [Taking Inventory]
[15:14:21] [Client thread/INFO]: Warning: Clientside chunk ticking took 115 ms
[15:14:23] [Client thread/INFO]: Warning: Clientside chunk ticking took 169 ms
[15:14:28] [Client thread/INFO]: Stopping!
[15:14:28] [Client Shutdown Thread/INFO]: Stopping server
[15:14:28] [Client Shutdown Thread/INFO]: Saving players
